[2.553s] Invoking command in '/home/ros-student/ros2_ws/src/robot_interface': PYTHONPATH=/home/ros-student/ros2_ws/build/robot_interface/prefix_override:/usr/lib/python3/dist-packages/colcon_core/task/python/colcon_distutils_commands:/home/ros-student/ros2_ws/install/robot_interface/lib/python3.10/site-packages:${PYTHONPATH} /usr/bin/python3 -W ignore:setup.py install is deprecated -W ignore:easy_install command is deprecated setup.py egg_info --egg-base ../../build/robot_interface build --build-base /home/ros-student/ros2_ws/build/robot_interface/build install --record /home/ros-student/ros2_ws/build/robot_interface/install.log --single-version-externally-managed
[3.247s] running egg_info
[3.249s] writing ../../build/robot_interface/robot_interface.egg-info/PKG-INFO
[3.250s] writing dependency_links to ../../build/robot_interface/robot_interface.egg-info/dependency_links.txt
[3.250s] writing entry points to ../../build/robot_interface/robot_interface.egg-info/entry_points.txt
[3.250s] writing requirements to ../../build/robot_interface/robot_interface.egg-info/requires.txt
[3.251s] writing top-level names to ../../build/robot_interface/robot_interface.egg-info/top_level.txt
[3.288s] reading manifest file '../../build/robot_interface/robot_interface.egg-info/SOURCES.txt'
[3.313s] writing manifest file '../../build/robot_interface/robot_interface.egg-info/SOURCES.txt'
[3.313s] running build
[3.313s] running build_py
[3.329s] running install
[3.329s] running install_lib
[3.332s] running install_egg_info
[3.335s] removing '/home/ros-student/ros2_ws/install/robot_interface/lib/python3.10/site-packages/robot_interface-0.0.1-py3.10.egg-info' (and everything under it)
[3.336s] Copying ../../build/robot_interface/robot_interface.egg-info to /home/ros-student/ros2_ws/install/robot_interface/lib/python3.10/site-packages/robot_interface-0.0.1-py3.10.egg-info
[3.339s] running install_scripts
[3.417s] Installing robot_control script to /home/ros-student/ros2_ws/install/robot_interface/lib/robot_interface
[3.420s] writing list of installed files to '/home/ros-student/ros2_ws/build/robot_interface/install.log'
[3.494s] Invoked command in '/home/ros-student/ros2_ws/src/robot_interface' returned '0': PYTHONPATH=/home/ros-student/ros2_ws/build/robot_interface/prefix_override:/usr/lib/python3/dist-packages/colcon_core/task/python/colcon_distutils_commands:/home/ros-student/ros2_ws/install/robot_interface/lib/python3.10/site-packages:${PYTHONPATH} /usr/bin/python3 -W ignore:setup.py install is deprecated -W ignore:easy_install command is deprecated setup.py egg_info --egg-base ../../build/robot_interface build --build-base /home/ros-student/ros2_ws/build/robot_interface/build install --record /home/ros-student/ros2_ws/build/robot_interface/install.log --single-version-externally-managed
