[1.934s] Invoking command in '/home/ros-student/ros2_ws/src/robot_interface': PYTHONPATH=/home/ros-student/ros2_ws/build/robot_interface/prefix_override:/usr/lib/python3/dist-packages/colcon_core/task/python/colcon_distutils_commands:/home/ros-student/ros2_ws/install/robot_interface/lib/python3.10/site-packages:${PYTHONPATH} /usr/bin/python3 -W ignore:setup.py install is deprecated -W ignore:easy_install command is deprecated setup.py egg_info --egg-base ../../build/robot_interface build --build-base /home/ros-student/ros2_ws/build/robot_interface/build install --record /home/ros-student/ros2_ws/build/robot_interface/install.log --single-version-externally-managed
[2.594s] running egg_info
[2.595s] writing ../../build/robot_interface/robot_interface.egg-info/PKG-INFO
[2.596s] writing dependency_links to ../../build/robot_interface/robot_interface.egg-info/dependency_links.txt
[2.596s] writing entry points to ../../build/robot_interface/robot_interface.egg-info/entry_points.txt
[2.596s] writing requirements to ../../build/robot_interface/robot_interface.egg-info/requires.txt
[2.596s] writing top-level names to ../../build/robot_interface/robot_interface.egg-info/top_level.txt
[2.632s] reading manifest file '../../build/robot_interface/robot_interface.egg-info/SOURCES.txt'
[2.658s] writing manifest file '../../build/robot_interface/robot_interface.egg-info/SOURCES.txt'
[2.658s] running build
[2.658s] running build_py
[2.672s] running install
[2.672s] running install_lib
[2.675s] running install_egg_info
[2.679s] removing '/home/ros-student/ros2_ws/install/robot_interface/lib/python3.10/site-packages/robot_interface-0.0.1-py3.10.egg-info' (and everything under it)
[2.680s] Copying ../../build/robot_interface/robot_interface.egg-info to /home/ros-student/ros2_ws/install/robot_interface/lib/python3.10/site-packages/robot_interface-0.0.1-py3.10.egg-info
[2.682s] running install_scripts
[2.742s] Installing robot_control script to /home/ros-student/ros2_ws/install/robot_interface/lib/robot_interface
[2.745s] writing list of installed files to '/home/ros-student/ros2_ws/build/robot_interface/install.log'
[2.797s] Invoked command in '/home/ros-student/ros2_ws/src/robot_interface' returned '0': PYTHONPATH=/home/ros-student/ros2_ws/build/robot_interface/prefix_override:/usr/lib/python3/dist-packages/colcon_core/task/python/colcon_distutils_commands:/home/ros-student/ros2_ws/install/robot_interface/lib/python3.10/site-packages:${PYTHONPATH} /usr/bin/python3 -W ignore:setup.py install is deprecated -W ignore:easy_install command is deprecated setup.py egg_info --egg-base ../../build/robot_interface build --build-base /home/ros-student/ros2_ws/build/robot_interface/build install --record /home/ros-student/ros2_ws/build/robot_interface/install.log --single-version-externally-managed
