[0.227s] DEBUG:colcon:Command line arguments: ['/usr/bin/colcon', 'build']
[0.227s] DEBUG:colcon:Parsed command line arguments: Namespace(log_base=None, log_level=None, verb_name='build', build_base='build', install_base='install', merge_install=False, symlink_install=False, test_result_base=None, continue_on_error=False, executor='parallel', parallel_workers=8, event_handlers=None, ignore_user_meta=False, metas=['./colcon.meta'], base_paths=['.'], packages_ignore=None, packages_ignore_regex=None, paths=None, packages_up_to=None, packages_up_to_regex=None, packages_above=None, packages_above_and_dependencies=None, packages_above_depth=None, packages_select_by_dep=None, packages_skip_by_dep=None, packages_skip_up_to=None, packages_select_build_failed=False, packages_skip_build_finished=False, packages_select_test_failures=False, packages_skip_test_passed=False, packages_select=None, packages_skip=None, packages_select_regex=None, packages_skip_regex=None, packages_start=None, packages_end=None, cmake_args=None, cmake_target=None, cmake_target_skip_unavailable=False, cmake_clean_cache=False, cmake_clean_first=False, cmake_force_configure=False, ament_cmake_args=None, catkin_cmake_args=None, catkin_skip_building_tests=False, mixin_files=None, mixin=None, verb_parser=<colcon_mixin.mixin.mixin_argument.MixinArgumentDecorator object at 0x7f0a8711d2a0>, verb_extension=<colcon_core.verb.build.BuildVerb object at 0x7f0a872220e0>, main=<bound method BuildVerb.main of <colcon_core.verb.build.BuildVerb object at 0x7f0a872220e0>>, mixin_verb=('build',))
[0.557s] Level 1:colcon.colcon_core.package_discovery:discover_packages(colcon_meta) check parameters
[0.557s] Level 1:colcon.colcon_core.package_discovery:discover_packages(recursive) check parameters
[0.557s] Level 1:colcon.colcon_core.package_discovery:discover_packages(ignore) check parameters
[0.557s] Level 1:colcon.colcon_core.package_discovery:discover_packages(path) check parameters
[0.558s] Level 1:colcon.colcon_core.package_discovery:discover_packages(colcon_meta) discover
[0.558s] Level 1:colcon.colcon_core.package_discovery:discover_packages(recursive) discover
[0.558s] INFO:colcon.colcon_core.package_discovery:Crawling recursively for packages in '/home/ros-student/ros2_ws'
[0.558s] Level 1:colcon.colcon_core.package_identification:_identify(.) by extensions ['ignore', 'ignore_ament_install']
[0.558s] Level 1:colcon.colcon_core.package_identification:_identify(.) by extension 'ignore'
[0.559s] Level 1:colcon.colcon_core.package_identification:_identify(.) by extension 'ignore_ament_install'
[0.559s] Level 1:colcon.colcon_core.package_identification:_identify(.) by extensions ['colcon_pkg']
[0.559s] Level 1:colcon.colcon_core.package_identification:_identify(.) by extension 'colcon_pkg'
[0.559s] Level 1:colcon.colcon_core.package_identification:_identify(.) by extensions ['colcon_meta']
[0.559s] Level 1:colcon.colcon_core.package_identification:_identify(.) by extension 'colcon_meta'
[0.559s] Level 1:colcon.colcon_core.package_identification:_identify(.) by extensions ['ros']
[0.559s] Level 1:colcon.colcon_core.package_identification:_identify(.) by extension 'ros'
[0.613s] Level 1:colcon.colcon_core.package_identification:_identify(.) by extensions ['cmake', 'python']
[0.613s] Level 1:colcon.colcon_core.package_identification:_identify(.) by extension 'cmake'
[0.613s] Level 1:colcon.colcon_core.package_identification:_identify(.) by extension 'python'
[0.613s] Level 1:colcon.colcon_core.package_identification:_identify(.) by extensions ['python_setup_py']
[0.613s] Level 1:colcon.colcon_core.package_identification:_identify(.) by extension 'python_setup_py'
[0.613s] Level 1:colcon.colcon_core.package_identification:_identify(build) by extensions ['ignore', 'ignore_ament_install']
[0.613s] Level 1:colcon.colcon_core.package_identification:_identify(build) by extension 'ignore'
[0.614s] Level 1:colcon.colcon_core.package_identification:_identify(build) ignored
[0.614s] Level 1:colcon.colcon_core.package_identification:_identify(install) by extensions ['ignore', 'ignore_ament_install']
[0.614s] Level 1:colcon.colcon_core.package_identification:_identify(install) by extension 'ignore'
[0.614s] Level 1:colcon.colcon_core.package_identification:_identify(install) ignored
[0.614s] Level 1:colcon.colcon_core.package_identification:_identify(log) by extensions ['ignore', 'ignore_ament_install']
[0.614s] Level 1:colcon.colcon_core.package_identification:_identify(log) by extension 'ignore'
[0.614s] Level 1:colcon.colcon_core.package_identification:_identify(log) ignored
[0.616s] Level 1:colcon.colcon_core.package_identification:_identify(src) by extensions ['ignore', 'ignore_ament_install']
[0.616s] Level 1:colcon.colcon_core.package_identification:_identify(src) by extension 'ignore'
[0.616s] Level 1:colcon.colcon_core.package_identification:_identify(src) by extension 'ignore_ament_install'
[0.617s] Level 1:colcon.colcon_core.package_identification:_identify(src) by extensions ['colcon_pkg']
[0.617s] Level 1:colcon.colcon_core.package_identification:_identify(src) by extension 'colcon_pkg'
[0.617s] Level 1:colcon.colcon_core.package_identification:_identify(src) by extensions ['colcon_meta']
[0.617s] Level 1:colcon.colcon_core.package_identification:_identify(src) by extension 'colcon_meta'
[0.618s] Level 1:colcon.colcon_core.package_identification:_identify(src) by extensions ['ros']
[0.618s] Level 1:colcon.colcon_core.package_identification:_identify(src) by extension 'ros'
[0.619s] Level 1:colcon.colcon_core.package_identification:_identify(src) by extensions ['cmake', 'python']
[0.619s] Level 1:colcon.colcon_core.package_identification:_identify(src) by extension 'cmake'
[0.619s] Level 1:colcon.colcon_core.package_identification:_identify(src) by extension 'python'
[0.619s] Level 1:colcon.colcon_core.package_identification:_identify(src) by extensions ['python_setup_py']
[0.620s] Level 1:colcon.colcon_core.package_identification:_identify(src) by extension 'python_setup_py'
[0.625s] Level 1:colcon.colcon_core.package_identification:_identify(src/robot_interface) by extensions ['ignore', 'ignore_ament_install']
[0.626s] Level 1:colcon.colcon_core.package_identification:_identify(src/robot_interface) by extension 'ignore'
[0.628s] Level 1:colcon.colcon_core.package_identification:_identify(src/robot_interface) by extension 'ignore_ament_install'
[0.631s] Level 1:colcon.colcon_core.package_identification:_identify(src/robot_interface) by extensions ['colcon_pkg']
[0.631s] Level 1:colcon.colcon_core.package_identification:_identify(src/robot_interface) by extension 'colcon_pkg'
[0.632s] Level 1:colcon.colcon_core.package_identification:_identify(src/robot_interface) by extensions ['colcon_meta']
[0.633s] Level 1:colcon.colcon_core.package_identification:_identify(src/robot_interface) by extension 'colcon_meta'
[0.636s] Level 1:colcon.colcon_core.package_identification:_identify(src/robot_interface) by extensions ['ros']
[0.637s] Level 1:colcon.colcon_core.package_identification:_identify(src/robot_interface) by extension 'ros'
[0.654s] DEBUG:colcon.colcon_core.package_identification:Package 'src/robot_interface' with type 'ros.ament_python' and name 'robot_interface'
[0.654s] Level 1:colcon.colcon_core.package_discovery:discover_packages(recursive) using defaults
[0.654s] Level 1:colcon.colcon_core.package_discovery:discover_packages(ignore) discover
[0.654s] Level 1:colcon.colcon_core.package_discovery:discover_packages(ignore) using defaults
[0.654s] Level 1:colcon.colcon_core.package_discovery:discover_packages(path) discover
[0.654s] Level 1:colcon.colcon_core.package_discovery:discover_packages(path) using defaults
[0.722s] Level 5:colcon.colcon_core.verb:set package 'robot_interface' build argument 'cmake_args' from command line to 'None'
[0.722s] Level 5:colcon.colcon_core.verb:set package 'robot_interface' build argument 'cmake_target' from command line to 'None'
[0.722s] Level 5:colcon.colcon_core.verb:set package 'robot_interface' build argument 'cmake_target_skip_unavailable' from command line to 'False'
[0.722s] Level 5:colcon.colcon_core.verb:set package 'robot_interface' build argument 'cmake_clean_cache' from command line to 'False'
[0.722s] Level 5:colcon.colcon_core.verb:set package 'robot_interface' build argument 'cmake_clean_first' from command line to 'False'
[0.722s] Level 5:colcon.colcon_core.verb:set package 'robot_interface' build argument 'cmake_force_configure' from command line to 'False'
[0.722s] Level 5:colcon.colcon_core.verb:set package 'robot_interface' build argument 'ament_cmake_args' from command line to 'None'
[0.722s] Level 5:colcon.colcon_core.verb:set package 'robot_interface' build argument 'catkin_cmake_args' from command line to 'None'
[0.722s] Level 5:colcon.colcon_core.verb:set package 'robot_interface' build argument 'catkin_skip_building_tests' from command line to 'False'
[0.722s] DEBUG:colcon.colcon_core.verb:Building package 'robot_interface' with the following arguments: {'ament_cmake_args': None, 'build_base': '/home/ros-student/ros2_ws/build/robot_interface', 'catkin_cmake_args': None, 'catkin_skip_building_tests': False, 'cmake_args': None, 'cmake_clean_cache': False, 'cmake_clean_first': False, 'cmake_force_configure': False, 'cmake_target': None, 'cmake_target_skip_unavailable': False, 'install_base': '/home/ros-student/ros2_ws/install/robot_interface', 'merge_install': False, 'path': '/home/ros-student/ros2_ws/src/robot_interface', 'symlink_install': False, 'test_result_base': None}
[0.723s] INFO:colcon.colcon_core.executor:Executing jobs using 'parallel' executor
[0.727s] DEBUG:colcon.colcon_parallel_executor.executor.parallel:run_until_complete
[0.728s] INFO:colcon.colcon_ros.task.ament_python.build:Building ROS package in '/home/ros-student/ros2_ws/src/robot_interface' with build type 'ament_python'
[0.728s] Level 1:colcon.colcon_core.shell:create_environment_hook('robot_interface', 'ament_prefix_path')
[0.743s] INFO:colcon.colcon_core.plugin_system:Skipping extension 'colcon_core.shell.bat': Not used on non-Windows systems
[0.744s] INFO:colcon.colcon_core.shell:Creating environment hook '/home/ros-student/ros2_ws/install/robot_interface/share/robot_interface/hook/ament_prefix_path.ps1'
[0.745s] INFO:colcon.colcon_core.shell:Creating environment descriptor '/home/ros-student/ros2_ws/install/robot_interface/share/robot_interface/hook/ament_prefix_path.dsv'
[0.746s] INFO:colcon.colcon_core.shell:Creating environment hook '/home/ros-student/ros2_ws/install/robot_interface/share/robot_interface/hook/ament_prefix_path.sh'
[0.747s] INFO:colcon.colcon_core.shell:Skip shell extension 'powershell' for command environment: Not usable outside of PowerShell
[0.747s] DEBUG:colcon.colcon_core.shell:Skip shell extension 'dsv' for command environment
[1.595s] WARNING:colcon.colcon_ros.task.ament_python.build:Package 'robot_interface' doesn't explicitly install a marker in the package index (colcon-ros currently does it implicitly but that fallback will be removed in the future)
[1.595s] WARNING:colcon.colcon_ros.task.ament_python.build:Package 'robot_interface' doesn't explicitly install the 'package.xml' file (colcon-ros currently does it implicitly but that fallback will be removed in the future)
[1.609s] INFO:colcon.colcon_core.task.python.build:Building Python package in '/home/ros-student/ros2_ws/src/robot_interface'
[1.610s] INFO:colcon.colcon_core.shell:Skip shell extension 'powershell' for command environment: Not usable outside of PowerShell
[1.610s] DEBUG:colcon.colcon_core.shell:Skip shell extension 'dsv' for command environment
[2.664s] DEBUG:colcon.colcon_core.event_handler.log_command:Invoking command in '/home/ros-student/ros2_ws/src/robot_interface': PYTHONPATH=/home/ros-student/ros2_ws/build/robot_interface/prefix_override:/usr/lib/python3/dist-packages/colcon_core/task/python/colcon_distutils_commands:/home/ros-student/ros2_ws/install/robot_interface/lib/python3.10/site-packages:${PYTHONPATH} /usr/bin/python3 -W ignore:setup.py install is deprecated -W ignore:easy_install command is deprecated setup.py egg_info --egg-base ../../build/robot_interface build --build-base /home/ros-student/ros2_ws/build/robot_interface/build install --record /home/ros-student/ros2_ws/build/robot_interface/install.log --single-version-externally-managed
[3.527s] DEBUG:colcon.colcon_core.event_handler.log_command:Invoked command in '/home/ros-student/ros2_ws/src/robot_interface' returned '0': PYTHONPATH=/home/ros-student/ros2_ws/build/robot_interface/prefix_override:/usr/lib/python3/dist-packages/colcon_core/task/python/colcon_distutils_commands:/home/ros-student/ros2_ws/install/robot_interface/lib/python3.10/site-packages:${PYTHONPATH} /usr/bin/python3 -W ignore:setup.py install is deprecated -W ignore:easy_install command is deprecated setup.py egg_info --egg-base ../../build/robot_interface build --build-base /home/ros-student/ros2_ws/build/robot_interface/build install --record /home/ros-student/ros2_ws/build/robot_interface/install.log --single-version-externally-managed
[3.529s] Level 1:colcon.colcon_core.environment:checking '/home/ros-student/ros2_ws/install/robot_interface' for CMake module files
[3.530s] Level 1:colcon.colcon_core.environment:checking '/home/ros-student/ros2_ws/install/robot_interface' for CMake config files
[3.532s] Level 1:colcon.colcon_core.environment:checking '/home/ros-student/ros2_ws/install/robot_interface/lib'
[3.532s] Level 1:colcon.colcon_core.environment:checking '/home/ros-student/ros2_ws/install/robot_interface/bin'
[3.534s] Level 1:colcon.colcon_core.environment:checking '/home/ros-student/ros2_ws/install/robot_interface/lib/pkgconfig/robot_interface.pc'
[3.538s] Level 1:colcon.colcon_core.environment:checking '/home/ros-student/ros2_ws/install/robot_interface/lib/python3.10/site-packages'
[3.538s] Level 1:colcon.colcon_core.shell:create_environment_hook('robot_interface', 'pythonpath')
[3.540s] INFO:colcon.colcon_core.shell:Creating environment hook '/home/ros-student/ros2_ws/install/robot_interface/share/robot_interface/hook/pythonpath.ps1'
[3.541s] INFO:colcon.colcon_core.shell:Creating environment descriptor '/home/ros-student/ros2_ws/install/robot_interface/share/robot_interface/hook/pythonpath.dsv'
[3.542s] INFO:colcon.colcon_core.shell:Creating environment hook '/home/ros-student/ros2_ws/install/robot_interface/share/robot_interface/hook/pythonpath.sh'
[3.543s] Level 1:colcon.colcon_core.environment:checking '/home/ros-student/ros2_ws/install/robot_interface/bin'
[3.544s] Level 1:colcon.colcon_core.environment:create_environment_scripts_only(robot_interface)
[3.544s] INFO:colcon.colcon_core.shell:Creating package script '/home/ros-student/ros2_ws/install/robot_interface/share/robot_interface/package.ps1'
[3.546s] INFO:colcon.colcon_core.shell:Creating package descriptor '/home/ros-student/ros2_ws/install/robot_interface/share/robot_interface/package.dsv'
[3.547s] INFO:colcon.colcon_core.shell:Creating package script '/home/ros-student/ros2_ws/install/robot_interface/share/robot_interface/package.sh'
[3.551s] INFO:colcon.colcon_core.shell:Creating package script '/home/ros-student/ros2_ws/install/robot_interface/share/robot_interface/package.bash'
[3.552s] INFO:colcon.colcon_core.shell:Creating package script '/home/ros-student/ros2_ws/install/robot_interface/share/robot_interface/package.zsh'
[3.553s] Level 1:colcon.colcon_core.environment:create_file_with_runtime_dependencies(/home/ros-student/ros2_ws/install/robot_interface/share/colcon-core/packages/robot_interface)
[3.554s] DEBUG:colcon.colcon_parallel_executor.executor.parallel:closing loop
[3.555s] DEBUG:colcon.colcon_parallel_executor.executor.parallel:loop closed
[3.555s] DEBUG:colcon.colcon_parallel_executor.executor.parallel:run_until_complete finished with '0'
[3.555s] DEBUG:colcon.colcon_core.event_reactor:joining thread
[3.562s] INFO:colcon.colcon_core.plugin_system:Skipping extension 'colcon_notification.desktop_notification.notify_send': Could not find 'notify-send'
[3.562s] INFO:colcon.colcon_core.plugin_system:Skipping extension 'colcon_notification.desktop_notification.terminal_notifier': Not used on non-Darwin systems
[3.562s] INFO:colcon.colcon_core.plugin_system:Skipping extension 'colcon_notification.desktop_notification.win32': Not used on non-Windows systems
[3.562s] INFO:colcon.colcon_notification.desktop_notification:Sending desktop notification using 'notify2'
[3.569s] DEBUG:colcon.colcon_notification.desktop_notification.notify2:Failed to initialize notify2: org.freedesktop.DBus.Error.Spawn.ExecFailed: /usr/bin/dbus-launch terminated abnormally without any error message
[3.569s] DEBUG:colcon.colcon_core.event_reactor:joined thread
[3.570s] INFO:colcon.colcon_core.shell:Creating prefix script '/home/ros-student/ros2_ws/install/local_setup.ps1'
[3.577s] INFO:colcon.colcon_core.shell:Creating prefix util module '/home/ros-student/ros2_ws/install/_local_setup_util_ps1.py'
[3.579s] INFO:colcon.colcon_core.shell:Creating prefix chain script '/home/ros-student/ros2_ws/install/setup.ps1'
[3.582s] INFO:colcon.colcon_core.shell:Creating prefix script '/home/ros-student/ros2_ws/install/local_setup.sh'
[3.583s] INFO:colcon.colcon_core.shell:Creating prefix util module '/home/ros-student/ros2_ws/install/_local_setup_util_sh.py'
[3.587s] INFO:colcon.colcon_core.shell:Creating prefix chain script '/home/ros-student/ros2_ws/install/setup.sh'
[3.593s] INFO:colcon.colcon_core.shell:Creating prefix script '/home/ros-student/ros2_ws/install/local_setup.bash'
[3.594s] INFO:colcon.colcon_core.shell:Creating prefix chain script '/home/ros-student/ros2_ws/install/setup.bash'
[3.595s] INFO:colcon.colcon_core.shell:Creating prefix script '/home/ros-student/ros2_ws/install/local_setup.zsh'
[3.596s] INFO:colcon.colcon_core.shell:Creating prefix chain script '/home/ros-student/ros2_ws/install/setup.zsh'
