[0.452s] DEBUG:colcon:Command line arguments: ['/usr/bin/colcon', 'list', '-p', '--base-paths', '/home/ros-student/ros2_ws']
[0.452s] DEBUG:colcon:Parsed command line arguments: Namespace(log_base=None, log_level=None, verb_name='list', build_base='build', ignore_user_meta=False, metas=['./colcon.meta'], base_paths=['/home/ros-student/ros2_ws'], packages_ignore=None, packages_ignore_regex=None, paths=None, packages_up_to=None, packages_up_to_regex=None, packages_above=None, packages_above_and_dependencies=None, packages_above_depth=None, packages_select_by_dep=None, packages_skip_by_dep=None, packages_skip_up_to=None, packages_select_build_failed=False, packages_skip_build_finished=False, packages_select_test_failures=False, packages_skip_test_passed=False, packages_select=None, packages_skip=None, packages_select_regex=None, packages_skip_regex=None, packages_start=None, packages_end=None, topological_order=False, names_only=False, paths_only=True, topological_graph=False, topological_graph_dot=False, topological_graph_density=False, topological_graph_legend=False, topological_graph_dot_cluster=False, topological_graph_dot_include_skipped=False, mixin_files=None, mixin=None, verb_parser=<colcon_mixin.mixin.mixin_argument.MixinArgumentDecorator object at 0x7fd5f019dba0>, verb_extension=<colcon_package_information.verb.list.ListVerb object at 0x7fd5f030e6e0>, main=<bound method ListVerb.main of <colcon_package_information.verb.list.ListVerb object at 0x7fd5f030e6e0>>, mixin_verb=('list',))
[0.719s] Level 1:colcon.colcon_core.package_discovery:discover_packages(colcon_meta) check parameters
[0.719s] Level 1:colcon.colcon_core.package_discovery:discover_packages(recursive) check parameters
[0.719s] Level 1:colcon.colcon_core.package_discovery:discover_packages(ignore) check parameters
[0.719s] Level 1:colcon.colcon_core.package_discovery:discover_packages(path) check parameters
[0.719s] Level 1:colcon.colcon_core.package_discovery:discover_packages(recursive) discover
[0.719s] INFO:colcon.colcon_core.package_discovery:Crawling recursively for packages in '/home/ros-student/ros2_ws'
[0.719s] Level 1:colcon.colcon_core.package_identification:_identify(/home/ros-student/ros2_ws) by extensions ['ignore', 'ignore_ament_install']
[0.719s] Level 1:colcon.colcon_core.package_identification:_identify(/home/ros-student/ros2_ws) by extension 'ignore'
[0.719s] Level 1:colcon.colcon_core.package_identification:_identify(/home/ros-student/ros2_ws) by extension 'ignore_ament_install'
[0.720s] Level 1:colcon.colcon_core.package_identification:_identify(/home/ros-student/ros2_ws) by extensions ['colcon_pkg']
[0.720s] Level 1:colcon.colcon_core.package_identification:_identify(/home/ros-student/ros2_ws) by extension 'colcon_pkg'
[0.720s] Level 1:colcon.colcon_core.package_identification:_identify(/home/ros-student/ros2_ws) by extensions ['colcon_meta']
[0.720s] Level 1:colcon.colcon_core.package_identification:_identify(/home/ros-student/ros2_ws) by extension 'colcon_meta'
[0.720s] Level 1:colcon.colcon_core.package_identification:_identify(/home/ros-student/ros2_ws) by extensions ['ros']
[0.720s] Level 1:colcon.colcon_core.package_identification:_identify(/home/ros-student/ros2_ws) by extension 'ros'
[0.736s] Level 1:colcon.colcon_core.package_identification:_identify(/home/ros-student/ros2_ws) by extensions ['cmake', 'python']
[0.736s] Level 1:colcon.colcon_core.package_identification:_identify(/home/ros-student/ros2_ws) by extension 'cmake'
[0.736s] Level 1:colcon.colcon_core.package_identification:_identify(/home/ros-student/ros2_ws) by extension 'python'
[0.736s] Level 1:colcon.colcon_core.package_identification:_identify(/home/ros-student/ros2_ws) by extensions ['python_setup_py']
[0.736s] Level 1:colcon.colcon_core.package_identification:_identify(/home/ros-student/ros2_ws) by extension 'python_setup_py'
[0.737s] Level 1:colcon.colcon_core.package_identification:_identify(/home/ros-student/ros2_ws/build) by extensions ['ignore', 'ignore_ament_install']
[0.737s] Level 1:colcon.colcon_core.package_identification:_identify(/home/ros-student/ros2_ws/build) by extension 'ignore'
[0.737s] Level 1:colcon.colcon_core.package_identification:_identify(/home/ros-student/ros2_ws/build) ignored
[0.737s] Level 1:colcon.colcon_core.package_identification:_identify(/home/ros-student/ros2_ws/install) by extensions ['ignore', 'ignore_ament_install']
[0.737s] Level 1:colcon.colcon_core.package_identification:_identify(/home/ros-student/ros2_ws/install) by extension 'ignore'
[0.737s] Level 1:colcon.colcon_core.package_identification:_identify(/home/ros-student/ros2_ws/install) ignored
[0.737s] Level 1:colcon.colcon_core.package_identification:_identify(/home/ros-student/ros2_ws/log) by extensions ['ignore', 'ignore_ament_install']
[0.737s] Level 1:colcon.colcon_core.package_identification:_identify(/home/ros-student/ros2_ws/log) by extension 'ignore'
[0.738s] Level 1:colcon.colcon_core.package_identification:_identify(/home/ros-student/ros2_ws/log) ignored
[0.791s] Level 1:colcon.colcon_core.package_identification:_identify(/home/ros-student/ros2_ws/src) by extensions ['ignore', 'ignore_ament_install']
[0.791s] Level 1:colcon.colcon_core.package_identification:_identify(/home/ros-student/ros2_ws/src) by extension 'ignore'
[0.794s] Level 1:colcon.colcon_core.package_identification:_identify(/home/ros-student/ros2_ws/src) by extension 'ignore_ament_install'
[0.803s] Level 1:colcon.colcon_core.package_identification:_identify(/home/ros-student/ros2_ws/src) by extensions ['colcon_pkg']
[0.803s] Level 1:colcon.colcon_core.package_identification:_identify(/home/ros-student/ros2_ws/src) by extension 'colcon_pkg'
[0.807s] Level 1:colcon.colcon_core.package_identification:_identify(/home/ros-student/ros2_ws/src) by extensions ['colcon_meta']
[0.808s] Level 1:colcon.colcon_core.package_identification:_identify(/home/ros-student/ros2_ws/src) by extension 'colcon_meta'
[0.809s] Level 1:colcon.colcon_core.package_identification:_identify(/home/ros-student/ros2_ws/src) by extensions ['ros']
[0.809s] Level 1:colcon.colcon_core.package_identification:_identify(/home/ros-student/ros2_ws/src) by extension 'ros'
[0.811s] Level 1:colcon.colcon_core.package_identification:_identify(/home/ros-student/ros2_ws/src) by extensions ['cmake', 'python']
[0.811s] Level 1:colcon.colcon_core.package_identification:_identify(/home/ros-student/ros2_ws/src) by extension 'cmake'
[0.812s] Level 1:colcon.colcon_core.package_identification:_identify(/home/ros-student/ros2_ws/src) by extension 'python'
[0.812s] Level 1:colcon.colcon_core.package_identification:_identify(/home/ros-student/ros2_ws/src) by extensions ['python_setup_py']
[0.812s] Level 1:colcon.colcon_core.package_identification:_identify(/home/ros-student/ros2_ws/src) by extension 'python_setup_py'
[0.815s] Level 1:colcon.colcon_core.package_identification:_identify(/home/ros-student/ros2_ws/src/robot_interface) by extensions ['ignore', 'ignore_ament_install']
[0.815s] Level 1:colcon.colcon_core.package_identification:_identify(/home/ros-student/ros2_ws/src/robot_interface) by extension 'ignore'
[0.816s] Level 1:colcon.colcon_core.package_identification:_identify(/home/ros-student/ros2_ws/src/robot_interface) by extension 'ignore_ament_install'
[0.819s] Level 1:colcon.colcon_core.package_identification:_identify(/home/ros-student/ros2_ws/src/robot_interface) by extensions ['colcon_pkg']
[0.820s] Level 1:colcon.colcon_core.package_identification:_identify(/home/ros-student/ros2_ws/src/robot_interface) by extension 'colcon_pkg'
[0.825s] Level 1:colcon.colcon_core.package_identification:_identify(/home/ros-student/ros2_ws/src/robot_interface) by extensions ['colcon_meta']
[0.826s] Level 1:colcon.colcon_core.package_identification:_identify(/home/ros-student/ros2_ws/src/robot_interface) by extension 'colcon_meta'
[0.844s] Level 1:colcon.colcon_core.package_identification:_identify(/home/ros-student/ros2_ws/src/robot_interface) by extensions ['ros']
[0.844s] Level 1:colcon.colcon_core.package_identification:_identify(/home/ros-student/ros2_ws/src/robot_interface) by extension 'ros'
[0.862s] DEBUG:colcon.colcon_core.package_identification:Package '/home/ros-student/ros2_ws/src/robot_interface' with type 'ros.ament_python' and name 'robot_interface'
[0.862s] Level 1:colcon.colcon_core.package_discovery:discover_packages(recursive) using defaults
