[0.919s] Invoking command in '/home/ros-student/ros2_ws/src/robot_interface': PYTHONPATH=/home/ros-student/ros2_ws/build/robot_interface/prefix_override:/usr/lib/python3/dist-packages/colcon_core/task/python/colcon_distutils_commands:/home/ros-student/ros2_ws/install/robot_interface/lib/python3.10/site-packages:${PYTHONPATH} /usr/bin/python3 -W ignore:setup.py install is deprecated -W ignore:easy_install command is deprecated setup.py egg_info --egg-base ../../build/robot_interface build --build-base /home/ros-student/ros2_ws/build/robot_interface/build install --record /home/ros-student/ros2_ws/build/robot_interface/install.log --single-version-externally-managed install_data
[1.183s] running egg_info
[1.184s] writing ../../build/robot_interface/robot_interface.egg-info/PKG-INFO
[1.185s] writing dependency_links to ../../build/robot_interface/robot_interface.egg-info/dependency_links.txt
[1.185s] writing entry points to ../../build/robot_interface/robot_interface.egg-info/entry_points.txt
[1.185s] writing requirements to ../../build/robot_interface/robot_interface.egg-info/requires.txt
[1.185s] writing top-level names to ../../build/robot_interface/robot_interface.egg-info/top_level.txt
[1.202s] reading manifest file '../../build/robot_interface/robot_interface.egg-info/SOURCES.txt'
[1.214s] writing manifest file '../../build/robot_interface/robot_interface.egg-info/SOURCES.txt'
[1.215s] running build
[1.215s] running build_py
[1.223s] running install
[1.223s] running install_lib
[1.227s] running install_data
[1.231s] running install_egg_info
[1.233s] Copying ../../build/robot_interface/robot_interface.egg-info to /home/ros-student/ros2_ws/install/robot_interface/lib/python3.10/site-packages/robot_interface-0.0.0-py3.10.egg-info
[1.237s] running install_scripts
[1.260s] Installing robot_interface script to /home/ros-student/ros2_ws/install/robot_interface/lib/robot_interface
[1.266s] writing list of installed files to '/home/ros-student/ros2_ws/build/robot_interface/install.log'
[1.292s] Invoked command in '/home/ros-student/ros2_ws/src/robot_interface' returned '0': PYTHONPATH=/home/ros-student/ros2_ws/build/robot_interface/prefix_override:/usr/lib/python3/dist-packages/colcon_core/task/python/colcon_distutils_commands:/home/ros-student/ros2_ws/install/robot_interface/lib/python3.10/site-packages:${PYTHONPATH} /usr/bin/python3 -W ignore:setup.py install is deprecated -W ignore:easy_install command is deprecated setup.py egg_info --egg-base ../../build/robot_interface build --build-base /home/ros-student/ros2_ws/build/robot_interface/build install --record /home/ros-student/ros2_ws/build/robot_interface/install.log --single-version-externally-managed install_data
