[4.217s] Invoking command in '/home/ros-student/ros2_ws/src/robot_interface': PYTHONPATH=/home/ros-student/ros2_ws/build/robot_interface/prefix_override:/usr/lib/python3/dist-packages/colcon_core/task/python/colcon_distutils_commands:/home/ros-student/ros2_ws/install/robot_interface/lib/python3.10/site-packages:${PYTHONPATH} /usr/bin/python3 -W ignore:setup.py install is deprecated -W ignore:easy_install command is deprecated setup.py egg_info --egg-base ../../build/robot_interface build --build-base /home/ros-student/ros2_ws/build/robot_interface/build install --record /home/ros-student/ros2_ws/build/robot_interface/install.log --single-version-externally-managed
[5.165s] running egg_info
[5.171s] writing ../../build/robot_interface/robot_interface.egg-info/PKG-INFO
[5.172s] writing dependency_links to ../../build/robot_interface/robot_interface.egg-info/dependency_links.txt
[5.172s] writing entry points to ../../build/robot_interface/robot_interface.egg-info/entry_points.txt
[5.173s] writing requirements to ../../build/robot_interface/robot_interface.egg-info/requires.txt
[5.173s] writing top-level names to ../../build/robot_interface/robot_interface.egg-info/top_level.txt
[5.238s] reading manifest file '../../build/robot_interface/robot_interface.egg-info/SOURCES.txt'
[5.285s] writing manifest file '../../build/robot_interface/robot_interface.egg-info/SOURCES.txt'
[5.285s] running build
[5.286s] running build_py
[5.297s] copying robot_interface/robot_control.py -> /home/ros-student/ros2_ws/build/robot_interface/build/lib/robot_interface
[5.316s] running install
[5.320s] running install_lib
[5.324s] copying /home/ros-student/ros2_ws/build/robot_interface/build/lib/robot_interface/robot_control.py -> /home/ros-student/ros2_ws/install/robot_interface/lib/python3.10/site-packages/robot_interface
[5.326s] byte-compiling /home/ros-student/ros2_ws/install/robot_interface/lib/python3.10/site-packages/robot_interface/robot_control.py to robot_control.cpython-310.pyc
[5.328s] running install_egg_info
[5.334s] removing '/home/ros-student/ros2_ws/install/robot_interface/lib/python3.10/site-packages/robot_interface-0.0.1-py3.10.egg-info' (and everything under it)
[5.337s] Copying ../../build/robot_interface/robot_interface.egg-info to /home/ros-student/ros2_ws/install/robot_interface/lib/python3.10/site-packages/robot_interface-0.0.1-py3.10.egg-info
[5.349s] running install_scripts
[5.455s] Installing robot_control script to /home/ros-student/ros2_ws/install/robot_interface/lib/robot_interface
[5.468s] writing list of installed files to '/home/ros-student/ros2_ws/build/robot_interface/install.log'
[5.577s] Invoked command in '/home/ros-student/ros2_ws/src/robot_interface' returned '0': PYTHONPATH=/home/ros-student/ros2_ws/build/robot_interface/prefix_override:/usr/lib/python3/dist-packages/colcon_core/task/python/colcon_distutils_commands:/home/ros-student/ros2_ws/install/robot_interface/lib/python3.10/site-packages:${PYTHONPATH} /usr/bin/python3 -W ignore:setup.py install is deprecated -W ignore:easy_install command is deprecated setup.py egg_info --egg-base ../../build/robot_interface build --build-base /home/ros-student/ros2_ws/build/robot_interface/build install --record /home/ros-student/ros2_ws/build/robot_interface/install.log --single-version-externally-managed
